<?xml version="1.0" encoding="UTF-8"?>
<!-- Generated by org.testng.reporters.JUnitReportReporter -->
<testsuite hostname="DESKTOP-PME7JIH" failures="0" tests="2" name="tests.LoginTest" time="12.587" errors="0" timestamp="2022-03-03T13:35:14 CST" skipped="0">
  <testcase classname="tests.LoginTest" name="loginTest" time="5.471"/>
  <system-out/>
  <testcase classname="tests.LoginTest" name="pageTitleTest" time="7.116"/>
  <system-out/>
</testsuite> <!-- tests.LoginTest -->
